  [1m[35m (2.7ms)[0m  [1m[34mSELECT sqlite_version(*)[0m
  [1m[35m (10.2ms)[0m  [1m[35mCREATE TABLE "schema_migrations" ("version" varchar NOT NULL PRIMARY KEY)[0m
  [1m[35m (10.3ms)[0m  [1m[35mCREATE TABLE "ar_internal_metadata" ("key" varchar NOT NULL PRIMARY KEY, "value" varchar, "created_at" datetime(6) NOT NULL, "updated_at" datetime(6) NOT NULL)[0m
  [1m[35m (0.2ms)[0m  [1m[34mSELECT "schema_migrations"."version" FROM "schema_migrations" ORDER BY "schema_migrations"."version" ASC[0m
Migrating to CreateUsers (20220403004506)
  [1m[36mTRANSACTION (0.1ms)[0m  [1m[36mbegin transaction[0m
  [1m[35m (2.6ms)[0m  [1m[35mCREATE TABLE "users" ("id" integer PRIMARY KEY AUTOINCREMENT NOT NULL, "name" varchar, "email" varchar, "created_at" datetime(6) NOT NULL, "updated_at" datetime(6) NOT NULL)[0m
  [1m[36mActiveRecord::SchemaMigration Create (3.6ms)[0m  [1m[32mINSERT INTO "schema_migrations" ("version") VALUES (?)[0m  [["version", "20220403004506"]]
  [1m[36mTRANSACTION (14.0ms)[0m  [1m[36mcommit transaction[0m
  [1m[36mActiveRecord::InternalMetadata Load (0.2ms)[0m  [1m[34mSELECT "ar_internal_metadata".* FROM "ar_internal_metadata" WHERE "ar_internal_metadata"."key" = ? LIMIT ?[0m  [["key", "environment"], ["LIMIT", 1]]
  [1m[36mTRANSACTION (0.1ms)[0m  [1m[36mbegin transaction[0m
  [1m[36mActiveRecord::InternalMetadata Create (2.9ms)[0m  [1m[32mINSERT INTO "ar_internal_metadata" ("key", "value", "created_at", "updated_at") VALUES (?, ?, ?, ?)[0m  [["key", "environment"], ["value", "development"], ["created_at", "2022-04-03 00:45:27.307019"], ["updated_at", "2022-04-03 00:45:27.307019"]]
  [1m[36mTRANSACTION (7.2ms)[0m  [1m[36mcommit transaction[0m
  [1m[35m (0.1ms)[0m  [1m[34mSELECT sqlite_version(*)[0m
  [1m[35m (0.1ms)[0m  [1m[34mSELECT "schema_migrations"."version" FROM "schema_migrations" ORDER BY "schema_migrations"."version" ASC[0m
Started GET "/" for 127.0.0.1 at 2022-04-02 20:49:08 -0400
  [1m[35m (73.1ms)[0m  [1m[34mSELECT sqlite_version(*)[0m
  [1m[35m (0.2ms)[0m  [1m[34mSELECT "schema_migrations"."version" FROM "schema_migrations" ORDER BY "schema_migrations"."version" ASC[0m
Processing by ApplicationController#hello as HTML
Completed 500 Internal Server Error in 94ms (ActiveRecord: 0.0ms | Allocations: 4698)


  
ActionView::MissingTemplate (Missing template application/hello with {:locale=>[:en], :formats=>[:html], :variants=>[], :handlers=>[:raw, :erb, :html, :builder, :ruby, :jbuilder]}. Searched in:
  * "/home/rajat/3901/environments/sample_app/app/views"
  * "/home/rajat/.rbenv/versions/3.0.1/lib/ruby/gems/3.0.0/gems/actiontext-6.1.5/app/views"
  * "/home/rajat/.rbenv/versions/3.0.1/lib/ruby/gems/3.0.0/gems/actionmailbox-6.1.5/app/views"
):
  
app/controllers/application_controller.rb:3:in `hello'
Started GET "/" for 127.0.0.1 at 2022-04-02 22:32:02 -0400
  [1m[35m (0.5ms)[0m  [1m[34mSELECT sqlite_version(*)[0m
  [1m[35m (0.1ms)[0m  [1m[34mSELECT "schema_migrations"."version" FROM "schema_migrations" ORDER BY "schema_migrations"."version" ASC[0m
  
AbstractController::ActionNotFound (The action 'hello' could not be found for ApplicationController):
  
actionpack (6.1.5) lib/abstract_controller/base.rb:160:in `process'
actionview (6.1.5) lib/action_view/rendering.rb:39:in `process'
actionpack (6.1.5) lib/action_controller/metal.rb:190:in `dispatch'
actionpack (6.1.5) lib/action_controller/metal.rb:254:in `dispatch'
actionpack (6.1.5) lib/action_dispatch/routing/route_set.rb:50:in `dispatch'
actionpack (6.1.5) lib/action_dispatch/routing/route_set.rb:33:in `serve'
actionpack (6.1.5) lib/action_dispatch/journey/router.rb:50:in `block in serve'
actionpack (6.1.5) lib/action_dispatch/journey/router.rb:32:in `each'
actionpack (6.1.5) lib/action_dispatch/journey/router.rb:32:in `serve'
actionpack (6.1.5) lib/action_dispatch/routing/route_set.rb:842:in `call'
rack (2.2.3) lib/rack/tempfile_reaper.rb:15:in `call'
rack (2.2.3) lib/rack/etag.rb:27:in `call'
rack (2.2.3) lib/rack/conditional_get.rb:27:in `call'
rack (2.2.3) lib/rack/head.rb:12:in `call'
actionpack (6.1.5) lib/action_dispatch/http/permissions_policy.rb:22:in `call'
actionpack (6.1.5) lib/action_dispatch/http/content_security_policy.rb:19:in `call'
rack (2.2.3) lib/rack/session/abstract/id.rb:266:in `context'
rack (2.2.3) lib/rack/session/abstract/id.rb:260:in `call'
actionpack (6.1.5) lib/action_dispatch/middleware/cookies.rb:689:in `call'
activerecord (6.1.5) lib/active_record/migration.rb:601:in `call'
actionpack (6.1.5) lib/action_dispatch/middleware/callbacks.rb:27:in `block in call'
activesupport (6.1.5) lib/active_support/callbacks.rb:98:in `run_callbacks'
actionpack (6.1.5) lib/action_dispatch/middleware/callbacks.rb:26:in `call'
actionpack (6.1.5) lib/action_dispatch/middleware/executor.rb:14:in `call'
actionpack (6.1.5) lib/action_dispatch/middleware/actionable_exceptions.rb:18:in `call'
actionpack (6.1.5) lib/action_dispatch/middleware/debug_exceptions.rb:29:in `call'
web-console (4.2.0) lib/web_console/middleware.rb:132:in `call_app'
web-console (4.2.0) lib/web_console/middleware.rb:28:in `block in call'
web-console (4.2.0) lib/web_console/middleware.rb:17:in `catch'
web-console (4.2.0) lib/web_console/middleware.rb:17:in `call'
actionpack (6.1.5) lib/action_dispatch/middleware/show_exceptions.rb:33:in `call'
railties (6.1.5) lib/rails/rack/logger.rb:37:in `call_app'
railties (6.1.5) lib/rails/rack/logger.rb:26:in `block in call'
activesupport (6.1.5) lib/active_support/tagged_logging.rb:99:in `block in tagged'
activesupport (6.1.5) lib/active_support/tagged_logging.rb:37:in `tagged'
activesupport (6.1.5) lib/active_support/tagged_logging.rb:99:in `tagged'
railties (6.1.5) lib/rails/rack/logger.rb:26:in `call'
sprockets-rails (3.4.2) lib/sprockets/rails/quiet_assets.rb:13:in `call'
actionpack (6.1.5) lib/action_dispatch/middleware/remote_ip.rb:81:in `call'
actionpack (6.1.5) lib/action_dispatch/middleware/request_id.rb:26:in `call'
rack (2.2.3) lib/rack/method_override.rb:24:in `call'
rack (2.2.3) lib/rack/runtime.rb:22:in `call'
activesupport (6.1.5) lib/active_support/cache/strategy/local_cache_middleware.rb:29:in `call'
actionpack (6.1.5) lib/action_dispatch/middleware/executor.rb:14:in `call'
actionpack (6.1.5) lib/action_dispatch/middleware/static.rb:24:in `call'
rack (2.2.3) lib/rack/sendfile.rb:110:in `call'
actionpack (6.1.5) lib/action_dispatch/middleware/host_authorization.rb:142:in `call'
rack-mini-profiler (2.3.4) lib/mini_profiler/profiler.rb:393:in `call'
webpacker (5.4.3) lib/webpacker/dev_server_proxy.rb:25:in `perform_request'
rack-proxy (0.7.2) lib/rack/proxy.rb:67:in `call'
railties (6.1.5) lib/rails/engine.rb:539:in `call'
puma (5.6.4) lib/puma/configuration.rb:252:in `call'
puma (5.6.4) lib/puma/request.rb:77:in `block in handle_request'
puma (5.6.4) lib/puma/thread_pool.rb:340:in `with_force_shutdown'
puma (5.6.4) lib/puma/request.rb:76:in `handle_request'
puma (5.6.4) lib/puma/server.rb:441:in `process_client'
puma (5.6.4) lib/puma/thread_pool.rb:147:in `block in spawn_thread'
Started GET "/" for 127.0.0.1 at 2022-04-02 22:32:59 -0400
Processing by ApplicationController#hello as HTML
Completed 406 Not Acceptable in 24ms (Allocations: 2705)


  
ActionController::MissingExactTemplate (ApplicationController#hello is missing a template for request formats: text/html):
  
actionpack (6.1.5) lib/action_controller/metal/implicit_render.rb:45:in `default_render'
actionpack (6.1.5) lib/action_controller/metal/basic_implicit_render.rb:6:in `block in send_action'
<internal:kernel>:90:in `tap'
actionpack (6.1.5) lib/action_controller/metal/basic_implicit_render.rb:6:in `send_action'
actionpack (6.1.5) lib/abstract_controller/base.rb:228:in `process_action'
actionpack (6.1.5) lib/action_controller/metal/rendering.rb:30:in `process_action'
actionpack (6.1.5) lib/abstract_controller/callbacks.rb:42:in `block in process_action'
activesupport (6.1.5) lib/active_support/callbacks.rb:117:in `block in run_callbacks'
actiontext (6.1.5) lib/action_text/rendering.rb:20:in `with_renderer'
actiontext (6.1.5) lib/action_text/engine.rb:59:in `block (4 levels) in <class:Engine>'
activesupport (6.1.5) lib/active_support/callbacks.rb:126:in `instance_exec'
activesupport (6.1.5) lib/active_support/callbacks.rb:126:in `block in run_callbacks'
activesupport (6.1.5) lib/active_support/callbacks.rb:137:in `run_callbacks'
actionpack (6.1.5) lib/abstract_controller/callbacks.rb:41:in `process_action'
actionpack (6.1.5) lib/action_controller/metal/rescue.rb:22:in `process_action'
actionpack (6.1.5) lib/action_controller/metal/instrumentation.rb:34:in `block in process_action'
activesupport (6.1.5) lib/active_support/notifications.rb:203:in `block in instrument'
activesupport (6.1.5) lib/active_support/notifications/instrumenter.rb:24:in `instrument'
activesupport (6.1.5) lib/active_support/notifications.rb:203:in `instrument'
actionpack (6.1.5) lib/action_controller/metal/instrumentation.rb:33:in `process_action'
actionpack (6.1.5) lib/action_controller/metal/params_wrapper.rb:249:in `process_action'
activerecord (6.1.5) lib/active_record/railties/controller_runtime.rb:27:in `process_action'
actionpack (6.1.5) lib/abstract_controller/base.rb:165:in `process'
actionview (6.1.5) lib/action_view/rendering.rb:39:in `process'
actionpack (6.1.5) lib/action_controller/metal.rb:190:in `dispatch'
actionpack (6.1.5) lib/action_controller/metal.rb:254:in `dispatch'
actionpack (6.1.5) lib/action_dispatch/routing/route_set.rb:50:in `dispatch'
actionpack (6.1.5) lib/action_dispatch/routing/route_set.rb:33:in `serve'
actionpack (6.1.5) lib/action_dispatch/journey/router.rb:50:in `block in serve'
actionpack (6.1.5) lib/action_dispatch/journey/router.rb:32:in `each'
actionpack (6.1.5) lib/action_dispatch/journey/router.rb:32:in `serve'
actionpack (6.1.5) lib/action_dispatch/routing/route_set.rb:842:in `call'
rack (2.2.3) lib/rack/tempfile_reaper.rb:15:in `call'
rack (2.2.3) lib/rack/etag.rb:27:in `call'
rack (2.2.3) lib/rack/conditional_get.rb:27:in `call'
rack (2.2.3) lib/rack/head.rb:12:in `call'
actionpack (6.1.5) lib/action_dispatch/http/permissions_policy.rb:22:in `call'
actionpack (6.1.5) lib/action_dispatch/http/content_security_policy.rb:19:in `call'
rack (2.2.3) lib/rack/session/abstract/id.rb:266:in `context'
rack (2.2.3) lib/rack/session/abstract/id.rb:260:in `call'
actionpack (6.1.5) lib/action_dispatch/middleware/cookies.rb:689:in `call'
activerecord (6.1.5) lib/active_record/migration.rb:601:in `call'
actionpack (6.1.5) lib/action_dispatch/middleware/callbacks.rb:27:in `block in call'
activesupport (6.1.5) lib/active_support/callbacks.rb:98:in `run_callbacks'
actionpack (6.1.5) lib/action_dispatch/middleware/callbacks.rb:26:in `call'
actionpack (6.1.5) lib/action_dispatch/middleware/executor.rb:14:in `call'
actionpack (6.1.5) lib/action_dispatch/middleware/actionable_exceptions.rb:18:in `call'
actionpack (6.1.5) lib/action_dispatch/middleware/debug_exceptions.rb:29:in `call'
web-console (4.2.0) lib/web_console/middleware.rb:132:in `call_app'
web-console (4.2.0) lib/web_console/middleware.rb:28:in `block in call'
web-console (4.2.0) lib/web_console/middleware.rb:17:in `catch'
web-console (4.2.0) lib/web_console/middleware.rb:17:in `call'
actionpack (6.1.5) lib/action_dispatch/middleware/show_exceptions.rb:33:in `call'
railties (6.1.5) lib/rails/rack/logger.rb:37:in `call_app'
railties (6.1.5) lib/rails/rack/logger.rb:26:in `block in call'
activesupport (6.1.5) lib/active_support/tagged_logging.rb:99:in `block in tagged'
activesupport (6.1.5) lib/active_support/tagged_logging.rb:37:in `tagged'
activesupport (6.1.5) lib/active_support/tagged_logging.rb:99:in `tagged'
railties (6.1.5) lib/rails/rack/logger.rb:26:in `call'
sprockets-rails (3.4.2) lib/sprockets/rails/quiet_assets.rb:13:in `call'
actionpack (6.1.5) lib/action_dispatch/middleware/remote_ip.rb:81:in `call'
actionpack (6.1.5) lib/action_dispatch/middleware/request_id.rb:26:in `call'
rack (2.2.3) lib/rack/method_override.rb:24:in `call'
rack (2.2.3) lib/rack/runtime.rb:22:in `call'
activesupport (6.1.5) lib/active_support/cache/strategy/local_cache_middleware.rb:29:in `call'
actionpack (6.1.5) lib/action_dispatch/middleware/executor.rb:14:in `call'
actionpack (6.1.5) lib/action_dispatch/middleware/static.rb:24:in `call'
rack (2.2.3) lib/rack/sendfile.rb:110:in `call'
actionpack (6.1.5) lib/action_dispatch/middleware/host_authorization.rb:142:in `call'
rack-mini-profiler (2.3.4) lib/mini_profiler/profiler.rb:393:in `call'
webpacker (5.4.3) lib/webpacker/dev_server_proxy.rb:25:in `perform_request'
rack-proxy (0.7.2) lib/rack/proxy.rb:67:in `call'
railties (6.1.5) lib/rails/engine.rb:539:in `call'
puma (5.6.4) lib/puma/configuration.rb:252:in `call'
puma (5.6.4) lib/puma/request.rb:77:in `block in handle_request'
puma (5.6.4) lib/puma/thread_pool.rb:340:in `with_force_shutdown'
puma (5.6.4) lib/puma/request.rb:76:in `handle_request'
puma (5.6.4) lib/puma/server.rb:441:in `process_client'
puma (5.6.4) lib/puma/thread_pool.rb:147:in `block in spawn_thread'
Started GET "/" for 127.0.0.1 at 2022-04-02 22:33:05 -0400
Processing by ApplicationController#hello as HTML
Completed 406 Not Acceptable in 1ms (Allocations: 600)


  
ActionController::MissingExactTemplate (ApplicationController#hello is missing a template for request formats: text/html):
  
actionpack (6.1.5) lib/action_controller/metal/implicit_render.rb:45:in `default_render'
actionpack (6.1.5) lib/action_controller/metal/basic_implicit_render.rb:6:in `block in send_action'
<internal:kernel>:90:in `tap'
actionpack (6.1.5) lib/action_controller/metal/basic_implicit_render.rb:6:in `send_action'
actionpack (6.1.5) lib/abstract_controller/base.rb:228:in `process_action'
actionpack (6.1.5) lib/action_controller/metal/rendering.rb:30:in `process_action'
actionpack (6.1.5) lib/abstract_controller/callbacks.rb:42:in `block in process_action'
activesupport (6.1.5) lib/active_support/callbacks.rb:117:in `block in run_callbacks'
actiontext (6.1.5) lib/action_text/rendering.rb:20:in `with_renderer'
actiontext (6.1.5) lib/action_text/engine.rb:59:in `block (4 levels) in <class:Engine>'
activesupport (6.1.5) lib/active_support/callbacks.rb:126:in `instance_exec'
activesupport (6.1.5) lib/active_support/callbacks.rb:126:in `block in run_callbacks'
activesupport (6.1.5) lib/active_support/callbacks.rb:137:in `run_callbacks'
actionpack (6.1.5) lib/abstract_controller/callbacks.rb:41:in `process_action'
actionpack (6.1.5) lib/action_controller/metal/rescue.rb:22:in `process_action'
actionpack (6.1.5) lib/action_controller/metal/instrumentation.rb:34:in `block in process_action'
activesupport (6.1.5) lib/active_support/notifications.rb:203:in `block in instrument'
activesupport (6.1.5) lib/active_support/notifications/instrumenter.rb:24:in `instrument'
activesupport (6.1.5) lib/active_support/notifications.rb:203:in `instrument'
actionpack (6.1.5) lib/action_controller/metal/instrumentation.rb:33:in `process_action'
actionpack (6.1.5) lib/action_controller/metal/params_wrapper.rb:249:in `process_action'
activerecord (6.1.5) lib/active_record/railties/controller_runtime.rb:27:in `process_action'
actionpack (6.1.5) lib/abstract_controller/base.rb:165:in `process'
actionview (6.1.5) lib/action_view/rendering.rb:39:in `process'
actionpack (6.1.5) lib/action_controller/metal.rb:190:in `dispatch'
actionpack (6.1.5) lib/action_controller/metal.rb:254:in `dispatch'
actionpack (6.1.5) lib/action_dispatch/routing/route_set.rb:50:in `dispatch'
actionpack (6.1.5) lib/action_dispatch/routing/route_set.rb:33:in `serve'
actionpack (6.1.5) lib/action_dispatch/journey/router.rb:50:in `block in serve'
actionpack (6.1.5) lib/action_dispatch/journey/router.rb:32:in `each'
actionpack (6.1.5) lib/action_dispatch/journey/router.rb:32:in `serve'
actionpack (6.1.5) lib/action_dispatch/routing/route_set.rb:842:in `call'
rack (2.2.3) lib/rack/tempfile_reaper.rb:15:in `call'
rack (2.2.3) lib/rack/etag.rb:27:in `call'
rack (2.2.3) lib/rack/conditional_get.rb:27:in `call'
rack (2.2.3) lib/rack/head.rb:12:in `call'
actionpack (6.1.5) lib/action_dispatch/http/permissions_policy.rb:22:in `call'
actionpack (6.1.5) lib/action_dispatch/http/content_security_policy.rb:19:in `call'
rack (2.2.3) lib/rack/session/abstract/id.rb:266:in `context'
rack (2.2.3) lib/rack/session/abstract/id.rb:260:in `call'
actionpack (6.1.5) lib/action_dispatch/middleware/cookies.rb:689:in `call'
activerecord (6.1.5) lib/active_record/migration.rb:601:in `call'
actionpack (6.1.5) lib/action_dispatch/middleware/callbacks.rb:27:in `block in call'
activesupport (6.1.5) lib/active_support/callbacks.rb:98:in `run_callbacks'
actionpack (6.1.5) lib/action_dispatch/middleware/callbacks.rb:26:in `call'
actionpack (6.1.5) lib/action_dispatch/middleware/executor.rb:14:in `call'
actionpack (6.1.5) lib/action_dispatch/middleware/actionable_exceptions.rb:18:in `call'
actionpack (6.1.5) lib/action_dispatch/middleware/debug_exceptions.rb:29:in `call'
web-console (4.2.0) lib/web_console/middleware.rb:132:in `call_app'
web-console (4.2.0) lib/web_console/middleware.rb:28:in `block in call'
web-console (4.2.0) lib/web_console/middleware.rb:17:in `catch'
web-console (4.2.0) lib/web_console/middleware.rb:17:in `call'
actionpack (6.1.5) lib/action_dispatch/middleware/show_exceptions.rb:33:in `call'
railties (6.1.5) lib/rails/rack/logger.rb:37:in `call_app'
railties (6.1.5) lib/rails/rack/logger.rb:26:in `block in call'
activesupport (6.1.5) lib/active_support/tagged_logging.rb:99:in `block in tagged'
activesupport (6.1.5) lib/active_support/tagged_logging.rb:37:in `tagged'
activesupport (6.1.5) lib/active_support/tagged_logging.rb:99:in `tagged'
railties (6.1.5) lib/rails/rack/logger.rb:26:in `call'
sprockets-rails (3.4.2) lib/sprockets/rails/quiet_assets.rb:13:in `call'
actionpack (6.1.5) lib/action_dispatch/middleware/remote_ip.rb:81:in `call'
actionpack (6.1.5) lib/action_dispatch/middleware/request_id.rb:26:in `call'
rack (2.2.3) lib/rack/method_override.rb:24:in `call'
rack (2.2.3) lib/rack/runtime.rb:22:in `call'
activesupport (6.1.5) lib/active_support/cache/strategy/local_cache_middleware.rb:29:in `call'
actionpack (6.1.5) lib/action_dispatch/middleware/executor.rb:14:in `call'
actionpack (6.1.5) lib/action_dispatch/middleware/static.rb:24:in `call'
rack (2.2.3) lib/rack/sendfile.rb:110:in `call'
actionpack (6.1.5) lib/action_dispatch/middleware/host_authorization.rb:142:in `call'
rack-mini-profiler (2.3.4) lib/mini_profiler/profiler.rb:393:in `call'
webpacker (5.4.3) lib/webpacker/dev_server_proxy.rb:25:in `perform_request'
rack-proxy (0.7.2) lib/rack/proxy.rb:67:in `call'
railties (6.1.5) lib/rails/engine.rb:539:in `call'
puma (5.6.4) lib/puma/configuration.rb:252:in `call'
puma (5.6.4) lib/puma/request.rb:77:in `block in handle_request'
puma (5.6.4) lib/puma/thread_pool.rb:340:in `with_force_shutdown'
puma (5.6.4) lib/puma/request.rb:76:in `handle_request'
puma (5.6.4) lib/puma/server.rb:441:in `process_client'
puma (5.6.4) lib/puma/thread_pool.rb:147:in `block in spawn_thread'
Started GET "/" for 127.0.0.1 at 2022-04-02 22:35:52 -0400
  [1m[35m (0.4ms)[0m  [1m[34mSELECT sqlite_version(*)[0m
  [1m[35m (0.1ms)[0m  [1m[34mSELECT "schema_migrations"."version" FROM "schema_migrations" ORDER BY "schema_migrations"."version" ASC[0m
Processing by Rails::WelcomeController#index as HTML
  Rendering /home/rajat/.rbenv/versions/3.0.1/lib/ruby/gems/3.0.0/gems/railties-6.1.5/lib/rails/templates/rails/welcome/index.html.erb
  Rendered /home/rajat/.rbenv/versions/3.0.1/lib/ruby/gems/3.0.0/gems/railties-6.1.5/lib/rails/templates/rails/welcome/index.html.erb (Duration: 49.5ms | Allocations: 491)
Completed 200 OK in 77ms (Views: 60.8ms | ActiveRecord: 0.0ms | Allocations: 3611)


Started GET "/sttic_pages/home" for 127.0.0.1 at 2022-04-02 22:37:12 -0400
  
ActionController::RoutingError (No route matches [GET] "/sttic_pages/home"):
  
Started GET "/static_pages/home" for 127.0.0.1 at 2022-04-02 22:37:23 -0400
Processing by StaticPagesController#home as HTML
  Rendering layout layouts/application.html.erb
  Rendering static_pages/home.html.erb within layouts/application
  Rendered static_pages/home.html.erb within layouts/application (Duration: 0.5ms | Allocations: 144)
[Webpacker] Compiling...
[Webpacker] Compiled all packs in /home/rajat/3901/environments/sample_app/public/packs
[Webpacker] Hash: 2034dd941d5476d8645c
Version: webpack 4.46.0
Time: 4906ms
Built at: 04/02/2022 10:37:31 PM
                                     Asset       Size       Chunks                         Chunk Names
    js/application-3dd0dc24d9c39bc09227.js    125 KiB  application  [emitted] [immutable]  application
js/application-3dd0dc24d9c39bc09227.js.map    139 KiB  application  [emitted] [dev]        application
                             manifest.json  364 bytes               [emitted]              
Entrypoint application = js/application-3dd0dc24d9c39bc09227.js js/application-3dd0dc24d9c39bc09227.js.map
[./app/javascript/channels sync recursive _channel\.js$] ./app/javascript/channels sync _channel\.js$ 160 bytes {application} [built]
[./app/javascript/channels/index.js] 211 bytes {application} [built]
[./app/javascript/packs/application.js] 492 bytes {application} [built]
[./node_modules/webpack/buildin/module.js] (webpack)/buildin/module.js 552 bytes {application} [built]
    + 3 hidden modules

  Rendered layout layouts/application.html.erb (Duration: 8111.8ms | Allocations: 14617)
Completed 200 OK in 8120ms (Views: 8119.0ms | ActiveRecord: 0.0ms | Allocations: 16080)


Started GET "/static_pages/home" for 127.0.0.1 at 2022-04-02 22:52:35 -0400
Processing by StaticPagesController#home as HTML
  Rendering layout layouts/application.html.erb
  Rendering static_pages/home.html.erb within layouts/application
  Rendered static_pages/home.html.erb within layouts/application (Duration: 0.4ms | Allocations: 152)
[Webpacker] Everything's up-to-date. Nothing to do
  Rendered layout layouts/application.html.erb (Duration: 26.3ms | Allocations: 3418)
Completed 200 OK in 34ms (Views: 32.6ms | Allocations: 4870)


  [1m[35m (0.7ms)[0m  [1m[34mSELECT sqlite_version(*)[0m
  [1m[35m (0.2ms)[0m  [1m[34mSELECT "schema_migrations"."version" FROM "schema_migrations" ORDER BY "schema_migrations"."version" ASC[0m
  [1m[36mActiveRecord::InternalMetadata Load (0.2ms)[0m  [1m[34mSELECT "ar_internal_metadata".* FROM "ar_internal_metadata" WHERE "ar_internal_metadata"."key" = ? LIMIT ?[0m  [["key", "environment"], ["LIMIT", 1]]
  [1m[35m (0.1ms)[0m  [1m[34mSELECT sqlite_version(*)[0m
  [1m[35m (0.1ms)[0m  [1m[34mSELECT "schema_migrations"."version" FROM "schema_migrations" ORDER BY "schema_migrations"."version" ASC[0m
Started GET "/static_pages/home" for 127.0.0.1 at 2022-04-02 23:25:26 -0400
  [1m[35m (2.6ms)[0m  [1m[34mSELECT sqlite_version(*)[0m
  [1m[35m (0.1ms)[0m  [1m[34mSELECT "schema_migrations"."version" FROM "schema_migrations" ORDER BY "schema_migrations"."version" ASC[0m
Processing by StaticPagesController#home as HTML
  Rendering layout layouts/application.html.erb
  Rendering static_pages/home.html.erb within layouts/application
  Rendered static_pages/home.html.erb within layouts/application (Duration: 0.5ms | Allocations: 359)
[Webpacker] Everything's up-to-date. Nothing to do
  Rendered layout layouts/application.html.erb (Duration: 60.7ms | Allocations: 6035)
Completed 200 OK in 79ms (Views: 64.0ms | ActiveRecord: 0.0ms | Allocations: 9685)


Started GET "/static_pages/about" for 127.0.0.1 at 2022-04-02 23:25:32 -0400
Processing by StaticPagesController#about as HTML
  Rendering layout layouts/application.html.erb
  Rendering static_pages/about.html.erb within layouts/application
  Rendered static_pages/about.html.erb within layouts/application (Duration: 0.4ms | Allocations: 139)
[Webpacker] Everything's up-to-date. Nothing to do
  Rendered layout layouts/application.html.erb (Duration: 19.1ms | Allocations: 3129)
Completed 200 OK in 22ms (Views: 21.1ms | ActiveRecord: 0.0ms | Allocations: 3844)


Started GET "/" for 127.0.0.1 at 2022-04-03 01:15:18 -0400
  [1m[35m (1.0ms)[0m  [1m[34mSELECT sqlite_version(*)[0m
  [1m[35m (0.3ms)[0m  [1m[34mSELECT "schema_migrations"."version" FROM "schema_migrations" ORDER BY "schema_migrations"."version" ASC[0m
Processing by StaticPagesController#home as HTML
  Rendering layout layouts/application.html.erb
  Rendering static_pages/home.html.erb within layouts/application
  Rendered static_pages/home.html.erb within layouts/application (Duration: 85.2ms | Allocations: 7744)
  Rendered layout layouts/application.html.erb (Duration: 125.5ms | Allocations: 12159)
Completed 500 Internal Server Error in 146ms (ActiveRecord: 0.0ms | Allocations: 15762)


  
ActionView::Template::Error (undefined method `full_title' for #<ActionView::Base:0x00000000007c38>):
    1: <!DOCTYPE html>
    2: <html>
    3:   <head>
    4:    <title><%= full_title(yield(:title)) %></title>
    5:    <meta charset="utf-8">
    6:    <%= csrf_meta_tags %>
    7:    <%= csp_meta_tag %>
  
app/views/layouts/application.html.erb:4
Started GET "/" for 127.0.0.1 at 2022-04-03 01:22:08 -0400
  [1m[35m (0.6ms)[0m  [1m[34mSELECT sqlite_version(*)[0m
  [1m[35m (0.1ms)[0m  [1m[34mSELECT "schema_migrations"."version" FROM "schema_migrations" ORDER BY "schema_migrations"."version" ASC[0m
Processing by StaticPagesController#home as HTML
  Rendering layout layouts/application.html.erb
  Rendering static_pages/home.html.erb within layouts/application
  Rendered static_pages/home.html.erb within layouts/application (Duration: 0.9ms | Allocations: 395)
[Webpacker] Everything's up-to-date. Nothing to do
  Rendered layout layouts/application.html.erb (Duration: 71.4ms | Allocations: 6322)
Completed 200 OK in 102ms (Views: 84.6ms | ActiveRecord: 0.0ms | Allocations: 9972)


Started GET "/home" for 127.0.0.1 at 2022-04-03 01:22:16 -0400
  
ActionController::RoutingError (No route matches [GET] "/home"):
  
Started GET "/about" for 127.0.0.1 at 2022-04-03 01:22:30 -0400
  
ActionController::RoutingError (No route matches [GET] "/about"):
  
Started GET "/users" for 127.0.0.1 at 2022-04-03 01:23:02 -0400
  
ActionController::RoutingError (No route matches [GET] "/users"):
  
Started GET "/" for 127.0.0.1 at 2022-04-03 01:23:23 -0400
Processing by StaticPagesController#home as HTML
  Rendering layout layouts/application.html.erb
  Rendering static_pages/home.html.erb within layouts/application
  Rendered static_pages/home.html.erb within layouts/application (Duration: 0.1ms | Allocations: 41)
[Webpacker] Everything's up-to-date. Nothing to do
  Rendered layout layouts/application.html.erb (Duration: 10.9ms | Allocations: 3036)
Completed 200 OK in 14ms (Views: 13.7ms | ActiveRecord: 0.0ms | Allocations: 3527)


Started GET "/home" for 127.0.0.1 at 2022-04-03 01:23:31 -0400
  
ActionController::RoutingError (No route matches [GET] "/home"):
  
Started GET "/" for 127.0.0.1 at 2022-04-03 01:24:50 -0400
Processing by StaticPagesController#home as HTML
  Rendering layout layouts/application.html.erb
  Rendering static_pages/home.html.erb within layouts/application
  Rendered static_pages/home.html.erb within layouts/application (Duration: 0.1ms | Allocations: 41)
[Webpacker] Everything's up-to-date. Nothing to do
  Rendered layout layouts/application.html.erb (Duration: 6.8ms | Allocations: 2907)
Completed 200 OK in 13ms (Views: 12.1ms | ActiveRecord: 0.0ms | Allocations: 3352)


Started GET "/static_pages/home" for 127.0.0.1 at 2022-04-03 01:24:57 -0400
Processing by StaticPagesController#home as HTML
  Rendering layout layouts/application.html.erb
  Rendering static_pages/home.html.erb within layouts/application
  Rendered static_pages/home.html.erb within layouts/application (Duration: 0.1ms | Allocations: 41)
[Webpacker] Everything's up-to-date. Nothing to do
  Rendered layout layouts/application.html.erb (Duration: 10.2ms | Allocations: 2897)
Completed 200 OK in 15ms (Views: 14.2ms | ActiveRecord: 0.0ms | Allocations: 3340)


Started GET "/static_pages/about" for 127.0.0.1 at 2022-04-03 01:25:05 -0400
Processing by StaticPagesController#about as HTML
  Rendering layout layouts/application.html.erb
  Rendering static_pages/about.html.erb within layouts/application
  Rendered static_pages/about.html.erb within layouts/application (Duration: 0.3ms | Allocations: 135)
[Webpacker] Everything's up-to-date. Nothing to do
  Rendered layout layouts/application.html.erb (Duration: 10.1ms | Allocations: 2994)
Completed 200 OK in 13ms (Views: 12.1ms | ActiveRecord: 0.0ms | Allocations: 3563)


Started GET "/static_pages/contact" for 127.0.0.1 at 2022-04-03 01:25:10 -0400
Processing by StaticPagesController#contact as HTML
  Rendering layout layouts/application.html.erb
  Rendering static_pages/contact.html.erb within layouts/application
  Rendered static_pages/contact.html.erb within layouts/application (Duration: 0.3ms | Allocations: 127)
[Webpacker] Everything's up-to-date. Nothing to do
  Rendered layout layouts/application.html.erb (Duration: 11.7ms | Allocations: 2995)
Completed 200 OK in 15ms (Views: 13.9ms | ActiveRecord: 0.0ms | Allocations: 3573)


Started GET "/static_pages/" for 127.0.0.1 at 2022-04-03 01:25:18 -0400
  
ActionController::RoutingError (No route matches [GET] "/static_pages"):
  
Started GET "/" for 127.0.0.1 at 2022-04-03 01:25:24 -0400
Processing by StaticPagesController#home as HTML
  Rendering layout layouts/application.html.erb
  Rendering static_pages/home.html.erb within layouts/application
  Rendered static_pages/home.html.erb within layouts/application (Duration: 0.1ms | Allocations: 41)
[Webpacker] Everything's up-to-date. Nothing to do
  Rendered layout layouts/application.html.erb (Duration: 8.8ms | Allocations: 2907)
Completed 200 OK in 12ms (Views: 11.2ms | ActiveRecord: 0.0ms | Allocations: 3350)


Started GET "/" for 127.0.0.1 at 2022-04-03 02:01:43 -0400
  [1m[35m (0.4ms)[0m  [1m[34mSELECT sqlite_version(*)[0m
  [1m[35m (0.1ms)[0m  [1m[34mSELECT "schema_migrations"."version" FROM "schema_migrations" ORDER BY "schema_migrations"."version" ASC[0m
Processing by StaticPagesController#home as HTML
  Rendering layout layouts/application.html.erb
  Rendering static_pages/home.html.erb within layouts/application
  Rendered static_pages/home.html.erb within layouts/application (Duration: 1.5ms | Allocations: 361)
[Webpacker] Everything's up-to-date. Nothing to do
  Rendered layout layouts/application.html.erb (Duration: 117.0ms | Allocations: 6454)
Completed 200 OK in 164ms (Views: 131.6ms | ActiveRecord: 0.0ms | Allocations: 10104)


Started GET "/" for 127.0.0.1 at 2022-04-03 02:01:50 -0400
Processing by StaticPagesController#home as HTML
  Rendering layout layouts/application.html.erb
  Rendering static_pages/home.html.erb within layouts/application
  Rendered static_pages/home.html.erb within layouts/application (Duration: 0.1ms | Allocations: 43)
[Webpacker] Everything's up-to-date. Nothing to do
  Rendered layout layouts/application.html.erb (Duration: 11.1ms | Allocations: 3090)
Completed 200 OK in 14ms (Views: 13.1ms | ActiveRecord: 0.0ms | Allocations: 3646)


Started GET "/" for 127.0.0.1 at 2022-04-03 02:01:55 -0400
Processing by StaticPagesController#home as HTML
  Rendering layout layouts/application.html.erb
  Rendering static_pages/home.html.erb within layouts/application
  Rendered static_pages/home.html.erb within layouts/application (Duration: 0.2ms | Allocations: 38)
[Webpacker] Everything's up-to-date. Nothing to do
  Rendered layout layouts/application.html.erb (Duration: 11.9ms | Allocations: 2941)
Completed 200 OK in 15ms (Views: 14.5ms | ActiveRecord: 0.0ms | Allocations: 3391)


Started GET "/" for 127.0.0.1 at 2022-04-03 02:01:57 -0400
Processing by StaticPagesController#home as HTML
  Rendering layout layouts/application.html.erb
  Rendering static_pages/home.html.erb within layouts/application
  Rendered static_pages/home.html.erb within layouts/application (Duration: 0.1ms | Allocations: 38)
[Webpacker] Everything's up-to-date. Nothing to do
  Rendered layout layouts/application.html.erb (Duration: 10.9ms | Allocations: 2941)
Completed 200 OK in 15ms (Views: 13.2ms | ActiveRecord: 0.0ms | Allocations: 3391)


Started GET "/" for 127.0.0.1 at 2022-04-03 02:01:58 -0400
Processing by StaticPagesController#home as HTML
  Rendering layout layouts/application.html.erb
  Rendering static_pages/home.html.erb within layouts/application
  Rendered static_pages/home.html.erb within layouts/application (Duration: 0.1ms | Allocations: 38)
[Webpacker] Everything's up-to-date. Nothing to do
  Rendered layout layouts/application.html.erb (Duration: 13.2ms | Allocations: 2939)
Completed 200 OK in 16ms (Views: 15.5ms | ActiveRecord: 0.0ms | Allocations: 3384)


Started GET "/" for 127.0.0.1 at 2022-04-03 02:02:08 -0400
Processing by StaticPagesController#home as HTML
  Rendering layout layouts/application.html.erb
  Rendering static_pages/home.html.erb within layouts/application
  Rendered static_pages/home.html.erb within layouts/application (Duration: 0.1ms | Allocations: 38)
[Webpacker] Everything's up-to-date. Nothing to do
  Rendered layout layouts/application.html.erb (Duration: 16.2ms | Allocations: 2941)
Completed 200 OK in 20ms (Views: 17.4ms | ActiveRecord: 0.0ms | Allocations: 3389)


Started GET "/" for 127.0.0.1 at 2022-04-03 02:07:02 -0400
  [1m[35m (0.7ms)[0m  [1m[34mSELECT sqlite_version(*)[0m
  [1m[35m (0.2ms)[0m  [1m[34mSELECT "schema_migrations"."version" FROM "schema_migrations" ORDER BY "schema_migrations"."version" ASC[0m
Processing by StaticPagesController#home as HTML
  Rendering layout layouts/application.html.erb
  Rendering static_pages/home.html.erb within layouts/application
  Rendered static_pages/home.html.erb within layouts/application (Duration: 73.7ms | Allocations: 3441)
[Webpacker] Everything's up-to-date. Nothing to do
  Rendered layout layouts/application.html.erb (Duration: 90.9ms | Allocations: 7014)
Completed 200 OK in 116ms (Views: 97.5ms | ActiveRecord: 0.0ms | Allocations: 10664)


Started GET "/" for 127.0.0.1 at 2022-04-03 02:07:05 -0400
Processing by StaticPagesController#home as HTML
  Rendering layout layouts/application.html.erb
  Rendering static_pages/home.html.erb within layouts/application
  Rendered static_pages/home.html.erb within layouts/application (Duration: 1.4ms | Allocations: 686)
[Webpacker] Everything's up-to-date. Nothing to do
  Rendered layout layouts/application.html.erb (Duration: 14.3ms | Allocations: 3558)
Completed 200 OK in 17ms (Views: 16.3ms | ActiveRecord: 0.0ms | Allocations: 4114)


Started GET "/" for 127.0.0.1 at 2022-04-03 02:07:08 -0400
Processing by StaticPagesController#home as HTML
  Rendering layout layouts/application.html.erb
  Rendering static_pages/home.html.erb within layouts/application
  Rendered static_pages/home.html.erb within layouts/application (Duration: 0.9ms | Allocations: 582)
[Webpacker] Everything's up-to-date. Nothing to do
  Rendered layout layouts/application.html.erb (Duration: 11.3ms | Allocations: 3434)
Completed 200 OK in 15ms (Views: 13.5ms | ActiveRecord: 0.0ms | Allocations: 3884)


Started GET "/" for 127.0.0.1 at 2022-04-03 02:07:13 -0400
Processing by StaticPagesController#home as HTML
  Rendering layout layouts/application.html.erb
  Rendering static_pages/home.html.erb within layouts/application
  Rendered static_pages/home.html.erb within layouts/application (Duration: 1.7ms | Allocations: 582)
[Webpacker] Everything's up-to-date. Nothing to do
  Rendered layout layouts/application.html.erb (Duration: 13.0ms | Allocations: 3406)
Completed 200 OK in 15ms (Views: 14.3ms | ActiveRecord: 0.0ms | Allocations: 3856)


Started GET "/" for 127.0.0.1 at 2022-04-03 03:48:40 -0400
  [1m[35m (1.2ms)[0m  [1m[34mSELECT sqlite_version(*)[0m
  [1m[35m (0.6ms)[0m  [1m[34mSELECT "schema_migrations"."version" FROM "schema_migrations" ORDER BY "schema_migrations"."version" ASC[0m
Processing by StaticPagesController#home as HTML
  Rendering layout layouts/application.html.erb
  Rendering static_pages/home.html.erb within layouts/application
  Rendered static_pages/home.html.erb within layouts/application (Duration: 3111.4ms | Allocations: 70663)
[Webpacker] Everything's up-to-date. Nothing to do
  Rendered layouts/_shim.html.erb (Duration: 0.7ms | Allocations: 126)
  Rendered layouts/_header.html.erb (Duration: 2.7ms | Allocations: 262)
  Rendered layouts/_footer.html.erb (Duration: 4.8ms | Allocations: 195)
  Rendered layout layouts/application.html.erb (Duration: 3413.7ms | Allocations: 86812)
Completed 200 OK in 3530ms (Views: 3507.5ms | ActiveRecord: 0.0ms | Allocations: 90471)


Started GET "/signup" for 127.0.0.1 at 2022-04-03 03:48:50 -0400
Processing by UsersController#new as HTML
  Rendering layout layouts/application.html.erb
  Rendering users/new.html.erb within layouts/application
  Rendered users/new.html.erb within layouts/application (Duration: 0.5ms | Allocations: 173)
[Webpacker] Everything's up-to-date. Nothing to do
  Rendered layouts/_shim.html.erb (Duration: 0.1ms | Allocations: 43)
  Rendered layouts/_header.html.erb (Duration: 0.4ms | Allocations: 148)
  Rendered layouts/_footer.html.erb (Duration: 0.1ms | Allocations: 80)
  Rendered layout layouts/application.html.erb (Duration: 36.1ms | Allocations: 7461)
Completed 200 OK in 43ms (Views: 41.4ms | ActiveRecord: 0.0ms | Allocations: 8687)


Started GET "/about" for 127.0.0.1 at 2022-04-03 03:48:57 -0400
Processing by StaticPagesController#about as HTML
  Rendering layout layouts/application.html.erb
  Rendering static_pages/about.html.erb within layouts/application
  Rendered static_pages/about.html.erb within layouts/application (Duration: 0.4ms | Allocations: 134)
[Webpacker] Everything's up-to-date. Nothing to do
  Rendered layouts/_shim.html.erb (Duration: 0.2ms | Allocations: 40)
  Rendered layouts/_header.html.erb (Duration: 0.4ms | Allocations: 116)
  Rendered layouts/_footer.html.erb (Duration: 0.3ms | Allocations: 75)
  Rendered layout layouts/application.html.erb (Duration: 46.0ms | Allocations: 7132)
Completed 200 OK in 51ms (Views: 50.1ms | ActiveRecord: 0.0ms | Allocations: 7778)


Started GET "/contact" for 127.0.0.1 at 2022-04-03 03:49:01 -0400
Processing by StaticPagesController#contact as HTML
  Rendering layout layouts/application.html.erb
  Rendering static_pages/contact.html.erb within layouts/application
  Rendered static_pages/contact.html.erb within layouts/application (Duration: 0.3ms | Allocations: 126)
[Webpacker] Everything's up-to-date. Nothing to do
  Rendered layouts/_shim.html.erb (Duration: 0.1ms | Allocations: 40)
  Rendered layouts/_header.html.erb (Duration: 0.2ms | Allocations: 116)
  Rendered layouts/_footer.html.erb (Duration: 0.1ms | Allocations: 75)
  Rendered layout layouts/application.html.erb (Duration: 30.6ms | Allocations: 7122)
Completed 200 OK in 34ms (Views: 32.9ms | ActiveRecord: 0.0ms | Allocations: 7695)


Started GET "/" for 127.0.0.1 at 2022-04-03 03:49:10 -0400
Processing by StaticPagesController#home as HTML
  Rendering layout layouts/application.html.erb
  Rendering static_pages/home.html.erb within layouts/application
  Rendered static_pages/home.html.erb within layouts/application (Duration: 1.5ms | Allocations: 626)
[Webpacker] Everything's up-to-date. Nothing to do
  Rendered layouts/_shim.html.erb (Duration: 0.1ms | Allocations: 40)
  Rendered layouts/_header.html.erb (Duration: 0.6ms | Allocations: 102)
  Rendered layouts/_footer.html.erb (Duration: 0.3ms | Allocations: 75)
  Rendered layout layouts/application.html.erb (Duration: 60.5ms | Allocations: 7486)
Completed 200 OK in 62ms (Views: 61.5ms | ActiveRecord: 0.0ms | Allocations: 7932)


  [1m[35m (1.0ms)[0m  [1m[34mSELECT sqlite_version(*)[0m
  [1m[35m (0.2ms)[0m  [1m[34mSELECT "schema_migrations"."version" FROM "schema_migrations" ORDER BY "schema_migrations"."version" ASC[0m
  [1m[36mActiveRecord::InternalMetadata Load (0.1ms)[0m  [1m[34mSELECT "ar_internal_metadata".* FROM "ar_internal_metadata" WHERE "ar_internal_metadata"."key" = ? LIMIT ?[0m  [["key", "environment"], ["LIMIT", 1]]
  [1m[35m (0.1ms)[0m  [1m[34mSELECT sqlite_version(*)[0m
  [1m[35m (0.1ms)[0m  [1m[34mSELECT "schema_migrations"."version" FROM "schema_migrations" ORDER BY "schema_migrations"."version" ASC[0m
  [1m[35m (0.4ms)[0m  [1m[34mSELECT sqlite_version(*)[0m
  [1m[36mTRANSACTION (0.1ms)[0m  [1m[36mbegin transaction[0m
  [1m[36mTRANSACTION (0.2ms)[0m  [1m[35mSAVEPOINT active_record_1[0m
  [1m[36mUser Create (2.7ms)[0m  [1m[32mINSERT INTO "users" ("name", "email", "created_at", "updated_at") VALUES (?, ?, ?, ?)[0m  [["name", "Michael Hartl"], ["email", "michael@example.com"], ["created_at", "2022-04-03 17:40:55.740800"], ["updated_at", "2022-04-03 17:40:55.740800"]]
  [1m[36mTRANSACTION (0.1ms)[0m  [1m[35mRELEASE SAVEPOINT active_record_1[0m
  [1m[36mTRANSACTION (0.1ms)[0m  [1m[35mSAVEPOINT active_record_1[0m
  [1m[36mUser Create (0.1ms)[0m  [1m[32mINSERT INTO "users" ("name", "email", "created_at", "updated_at") VALUES (?, ?, ?, ?)[0m  [["name", "A Nother"], ["email", "another@example.org"], ["created_at", "2022-04-03 17:42:23.529726"], ["updated_at", "2022-04-03 17:42:23.529726"]]
  [1m[36mTRANSACTION (0.0ms)[0m  [1m[35mRELEASE SAVEPOINT active_record_1[0m
  [1m[36mTRANSACTION (0.1ms)[0m  [1m[35mSAVEPOINT active_record_1[0m
  [1m[36mUser Create (0.1ms)[0m  [1m[32mINSERT INTO "users" ("name", "email", "created_at", "updated_at") VALUES (?, ?, ?, ?)[0m  [["name", "Foo"], ["email", "foo@bar.com"], ["created_at", "2022-04-03 17:42:41.980466"], ["updated_at", "2022-04-03 17:42:41.980466"]]
  [1m[36mTRANSACTION (0.0ms)[0m  [1m[35mRELEASE SAVEPOINT active_record_1[0m
  [1m[36mTRANSACTION (0.1ms)[0m  [1m[35mSAVEPOINT active_record_1[0m
  [1m[36mUser Destroy (0.1ms)[0m  [1m[31mDELETE FROM "users" WHERE "users"."id" = ?[0m  [["id", 3]]
  [1m[36mTRANSACTION (0.0ms)[0m  [1m[35mRELEASE SAVEPOINT active_record_1[0m
  [1m[36mUser Load (0.2ms)[0m  [1m[34mSELECT "users".* FROM "users" WHERE "users"."id" = ? LIMIT ?[0m  [["id", 1], ["LIMIT", 1]]
  [1m[36mUser Load (0.1ms)[0m  [1m[34mSELECT "users".* FROM "users" WHERE "users"."id" = ? LIMIT ?[0m  [["id", 3], ["LIMIT", 1]]
  [1m[36mUser Load (0.1ms)[0m  [1m[34mSELECT "users".* FROM "users" WHERE "users"."id" = ? LIMIT ?[0m  [["id", 2], ["LIMIT", 1]]
  [1m[35m (0.5ms)[0m  [1m[34mSELECT sqlite_version(*)[0m
  [1m[36mTRANSACTION (0.0ms)[0m  [1m[36mbegin transaction[0m
  [1m[35m (0.4ms)[0m  [1m[34mSELECT sqlite_version(*)[0m
  [1m[35m (0.1ms)[0m  [1m[34mSELECT "schema_migrations"."version" FROM "schema_migrations" ORDER BY "schema_migrations"."version" ASC[0m
Migrating to AddIndexToUsersEmail (20220403190151)
  [1m[36mTRANSACTION (0.1ms)[0m  [1m[36mbegin transaction[0m
  [1m[35m (2.2ms)[0m  [1m[35mCREATE UNIQUE INDEX "index_users_on_email" ON "users" ("email")[0m
  [1m[36mActiveRecord::SchemaMigration Create (2.4ms)[0m  [1m[32mINSERT INTO "schema_migrations" ("version") VALUES (?)[0m  [["version", "20220403190151"]]
  [1m[36mTRANSACTION (7.0ms)[0m  [1m[36mcommit transaction[0m
  [1m[36mActiveRecord::InternalMetadata Load (0.1ms)[0m  [1m[34mSELECT "ar_internal_metadata".* FROM "ar_internal_metadata" WHERE "ar_internal_metadata"."key" = ? LIMIT ?[0m  [["key", "environment"], ["LIMIT", 1]]
  [1m[35m (0.1ms)[0m  [1m[34mSELECT sqlite_version(*)[0m
  [1m[35m (0.1ms)[0m  [1m[34mSELECT "schema_migrations"."version" FROM "schema_migrations" ORDER BY "schema_migrations"."version" ASC[0m
  [1m[35m (0.5ms)[0m  [1m[34mSELECT sqlite_version(*)[0m
  [1m[35m (0.1ms)[0m  [1m[34mSELECT "schema_migrations"."version" FROM "schema_migrations" ORDER BY "schema_migrations"."version" ASC[0m
Migrating to AddPasswordDigestToUsers (20220403190947)
  [1m[36mTRANSACTION (0.1ms)[0m  [1m[36mbegin transaction[0m
  [1m[35m (2.7ms)[0m  [1m[35mALTER TABLE "users" ADD "password_digest" varchar[0m
  [1m[36mActiveRecord::SchemaMigration Create (2.3ms)[0m  [1m[32mINSERT INTO "schema_migrations" ("version") VALUES (?)[0m  [["version", "20220403190947"]]
  [1m[36mTRANSACTION (6.8ms)[0m  [1m[36mcommit transaction[0m
  [1m[36mActiveRecord::InternalMetadata Load (0.2ms)[0m  [1m[34mSELECT "ar_internal_metadata".* FROM "ar_internal_metadata" WHERE "ar_internal_metadata"."key" = ? LIMIT ?[0m  [["key", "environment"], ["LIMIT", 1]]
  [1m[35m (0.1ms)[0m  [1m[34mSELECT sqlite_version(*)[0m
  [1m[35m (0.1ms)[0m  [1m[34mSELECT "schema_migrations"."version" FROM "schema_migrations" ORDER BY "schema_migrations"."version" ASC[0m
  [1m[35m (0.6ms)[0m  [1m[34mSELECT sqlite_version(*)[0m
  [1m[36mTRANSACTION (0.1ms)[0m  [1m[36mbegin transaction[0m
  [1m[36mUser Exists? (0.2ms)[0m  [1m[34mSELECT 1 AS one FROM "users" WHERE "users"."email" = ? LIMIT ?[0m  [["email", "michael@example.com"], ["LIMIT", 1]]
  [1m[36mUser Create (3.6ms)[0m  [1m[32mINSERT INTO "users" ("name", "email", "created_at", "updated_at", "password_digest") VALUES (?, ?, ?, ?, ?)[0m  [["name", "Michael Hartl"], ["email", "michael@example.com"], ["created_at", "2022-04-03 19:38:45.956286"], ["updated_at", "2022-04-03 19:38:45.956286"], ["password_digest", "$2a$12$PpG4R9yxaqmWQyVISKS5LO/rICUPu1.pJmjVIcdDL8NzKy7L6hFr6"]]
  [1m[36mTRANSACTION (7.0ms)[0m  [1m[36mcommit transaction[0m
  [1m[36mUser Load (0.4ms)[0m  [1m[34mSELECT "users".* FROM "users" WHERE "users"."email" = ? LIMIT ?[0m  [["email", "michael@example.com"], ["LIMIT", 1]]
Started GET "/" for 127.0.0.1 at 2022-04-03 15:42:43 -0400
  [1m[35m (1.5ms)[0m  [1m[34mSELECT sqlite_version(*)[0m
  [1m[35m (0.2ms)[0m  [1m[34mSELECT "schema_migrations"."version" FROM "schema_migrations" ORDER BY "schema_migrations"."version" ASC[0m
Processing by StaticPagesController#home as HTML
  Rendering layout layouts/application.html.erb
  Rendering static_pages/home.html.erb within layouts/application
  Rendered static_pages/home.html.erb within layouts/application (Duration: 79.0ms | Allocations: 11055)
[Webpacker] Everything's up-to-date. Nothing to do
  Rendered layouts/_shim.html.erb (Duration: 0.4ms | Allocations: 120)
  Rendered layouts/_header.html.erb (Duration: 0.7ms | Allocations: 262)
  Rendered layouts/_footer.html.erb (Duration: 0.4ms | Allocations: 195)
  Rendered layout layouts/application.html.erb (Duration: 130.3ms | Allocations: 19630)
Completed 200 OK in 209ms (Views: 139.9ms | ActiveRecord: 0.0ms | Allocations: 23171)


Started GET "/signup" for 127.0.0.1 at 2022-04-03 15:42:49 -0400
Processing by UsersController#new as HTML
  Rendering layout layouts/application.html.erb
  Rendering users/new.html.erb within layouts/application
  Rendered users/new.html.erb within layouts/application (Duration: 0.4ms | Allocations: 173)
[Webpacker] Everything's up-to-date. Nothing to do
  Rendered layouts/_shim.html.erb (Duration: 0.1ms | Allocations: 43)
  Rendered layouts/_header.html.erb (Duration: 0.2ms | Allocations: 148)
  Rendered layouts/_footer.html.erb (Duration: 0.2ms | Allocations: 80)
  Rendered layout layouts/application.html.erb (Duration: 32.6ms | Allocations: 7461)
Completed 200 OK in 37ms (Views: 35.4ms | ActiveRecord: 0.0ms | Allocations: 8716)


Started GET "/about" for 127.0.0.1 at 2022-04-03 15:43:00 -0400
Processing by StaticPagesController#about as HTML
  Rendering layout layouts/application.html.erb
  Rendering static_pages/about.html.erb within layouts/application
  Rendered static_pages/about.html.erb within layouts/application (Duration: 0.5ms | Allocations: 134)
[Webpacker] Everything's up-to-date. Nothing to do
  Rendered layouts/_shim.html.erb (Duration: 0.1ms | Allocations: 40)
  Rendered layouts/_header.html.erb (Duration: 0.2ms | Allocations: 116)
  Rendered layouts/_footer.html.erb (Duration: 0.1ms | Allocations: 75)
  Rendered layout layouts/application.html.erb (Duration: 33.1ms | Allocations: 7132)
Completed 200 OK in 36ms (Views: 34.5ms | ActiveRecord: 0.0ms | Allocations: 7779)


Started GET "/about" for 127.0.0.1 at 2022-04-03 15:43:43 -0400
Processing by StaticPagesController#about as HTML
  Rendering layout layouts/application.html.erb
  Rendering static_pages/about.html.erb within layouts/application
  Rendered static_pages/about.html.erb within layouts/application (Duration: 0.1ms | Allocations: 41)
[Webpacker] Everything's up-to-date. Nothing to do
  Rendered layouts/_shim.html.erb (Duration: 0.1ms | Allocations: 40)
  Rendered layouts/_header.html.erb (Duration: 0.4ms | Allocations: 116)
  Rendered layouts/_footer.html.erb (Duration: 0.5ms | Allocations: 75)
  Rendered layout layouts/application.html.erb (Duration: 40.3ms | Allocations: 7039)
Completed 200 OK in 43ms (Views: 42.2ms | ActiveRecord: 0.0ms | Allocations: 7489)


Started GET "/contact" for 127.0.0.1 at 2022-04-03 15:43:46 -0400
Processing by StaticPagesController#contact as HTML
  Rendering layout layouts/application.html.erb
  Rendering static_pages/contact.html.erb within layouts/application
  Rendered static_pages/contact.html.erb within layouts/application (Duration: 0.4ms | Allocations: 126)
[Webpacker] Everything's up-to-date. Nothing to do
  Rendered layouts/_shim.html.erb (Duration: 0.1ms | Allocations: 40)
  Rendered layouts/_header.html.erb (Duration: 0.4ms | Allocations: 116)
  Rendered layouts/_footer.html.erb (Duration: 0.1ms | Allocations: 75)
  Rendered layout layouts/application.html.erb (Duration: 32.6ms | Allocations: 7122)
Completed 200 OK in 36ms (Views: 35.3ms | ActiveRecord: 0.0ms | Allocations: 7694)


Started GET "/" for 127.0.0.1 at 2022-04-03 15:44:00 -0400
Processing by StaticPagesController#home as HTML
  Rendering layout layouts/application.html.erb
  Rendering static_pages/home.html.erb within layouts/application
  Rendered static_pages/home.html.erb within layouts/application (Duration: 1.4ms | Allocations: 631)
[Webpacker] Everything's up-to-date. Nothing to do
  Rendered layouts/_shim.html.erb (Duration: 0.1ms | Allocations: 40)
  Rendered layouts/_header.html.erb (Duration: 0.2ms | Allocations: 102)
  Rendered layouts/_footer.html.erb (Duration: 0.1ms | Allocations: 75)
  Rendered layout layouts/application.html.erb (Duration: 37.5ms | Allocations: 7608)
Completed 200 OK in 41ms (Views: 40.3ms | ActiveRecord: 0.0ms | Allocations: 8052)


Started GET "/about" for 127.0.0.1 at 2022-04-03 15:44:46 -0400
Processing by StaticPagesController#about as HTML
  Rendering layout layouts/application.html.erb
  Rendering static_pages/about.html.erb within layouts/application
  Rendered static_pages/about.html.erb within layouts/application (Duration: 0.1ms | Allocations: 41)
[Webpacker] Everything's up-to-date. Nothing to do
  Rendered layouts/_shim.html.erb (Duration: 0.1ms | Allocations: 40)
  Rendered layouts/_header.html.erb (Duration: 0.3ms | Allocations: 116)
  Rendered layouts/_footer.html.erb (Duration: 0.3ms | Allocations: 75)
  Rendered layout layouts/application.html.erb (Duration: 32.8ms | Allocations: 7060)
Completed 200 OK in 34ms (Views: 33.4ms | ActiveRecord: 0.0ms | Allocations: 7506)


Started GET "/contact" for 127.0.0.1 at 2022-04-03 15:44:52 -0400
Processing by StaticPagesController#contact as HTML
  Rendering layout layouts/application.html.erb
  Rendering static_pages/contact.html.erb within layouts/application
  Rendered static_pages/contact.html.erb within layouts/application (Duration: 0.2ms | Allocations: 41)
[Webpacker] Everything's up-to-date. Nothing to do
  Rendered layouts/_shim.html.erb (Duration: 0.1ms | Allocations: 40)
  Rendered layouts/_header.html.erb (Duration: 0.3ms | Allocations: 116)
  Rendered layouts/_footer.html.erb (Duration: 0.1ms | Allocations: 75)
  Rendered layout layouts/application.html.erb (Duration: 37.1ms | Allocations: 7037)
Completed 200 OK in 39ms (Views: 38.7ms | ActiveRecord: 0.0ms | Allocations: 7482)


Started GET "/contact" for 127.0.0.1 at 2022-04-03 15:45:03 -0400
Processing by StaticPagesController#contact as HTML
  Rendering layout layouts/application.html.erb
  Rendering static_pages/contact.html.erb within layouts/application
  Rendered static_pages/contact.html.erb within layouts/application (Duration: 0.2ms | Allocations: 41)
[Webpacker] Everything's up-to-date. Nothing to do
  Rendered layouts/_shim.html.erb (Duration: 0.1ms | Allocations: 40)
  Rendered layouts/_header.html.erb (Duration: 0.2ms | Allocations: 120)
  Rendered layouts/_footer.html.erb (Duration: 0.3ms | Allocations: 75)
  Rendered layout layouts/application.html.erb (Duration: 38.7ms | Allocations: 7041)
Completed 200 OK in 47ms (Views: 44.0ms | ActiveRecord: 0.0ms | Allocations: 7483)


Started GET "/help" for 127.0.0.1 at 2022-04-03 15:45:08 -0400
Processing by StaticPagesController#help as HTML
  Rendering layout layouts/application.html.erb
  Rendering static_pages/help.html.erb within layouts/application
  Rendered static_pages/help.html.erb within layouts/application (Duration: 0.6ms | Allocations: 134)
[Webpacker] Everything's up-to-date. Nothing to do
  Rendered layouts/_shim.html.erb (Duration: 0.1ms | Allocations: 40)
  Rendered layouts/_header.html.erb (Duration: 0.3ms | Allocations: 116)
  Rendered layouts/_footer.html.erb (Duration: 0.2ms | Allocations: 75)
  Rendered layout layouts/application.html.erb (Duration: 30.6ms | Allocations: 7132)
Completed 200 OK in 34ms (Views: 32.9ms | ActiveRecord: 0.0ms | Allocations: 7713)


Started GET "/help" for 127.0.0.1 at 2022-04-03 15:45:14 -0400
Processing by StaticPagesController#help as HTML
  Rendering layout layouts/application.html.erb
  Rendering static_pages/help.html.erb within layouts/application
  Rendered static_pages/help.html.erb within layouts/application (Duration: 0.1ms | Allocations: 41)
[Webpacker] Everything's up-to-date. Nothing to do
  Rendered layouts/_shim.html.erb (Duration: 0.1ms | Allocations: 40)
  Rendered layouts/_header.html.erb (Duration: 0.4ms | Allocations: 116)
  Rendered layouts/_footer.html.erb (Duration: 0.3ms | Allocations: 75)
  Rendered layout layouts/application.html.erb (Duration: 32.6ms | Allocations: 7037)
Completed 200 OK in 35ms (Views: 34.1ms | ActiveRecord: 0.0ms | Allocations: 7482)


Started GET "/help" for 127.0.0.1 at 2022-04-03 15:45:17 -0400
Processing by StaticPagesController#help as HTML
  Rendering layout layouts/application.html.erb
  Rendering static_pages/help.html.erb within layouts/application
  Rendered static_pages/help.html.erb within layouts/application (Duration: 0.1ms | Allocations: 41)
[Webpacker] Everything's up-to-date. Nothing to do
  Rendered layouts/_shim.html.erb (Duration: 0.1ms | Allocations: 41)
  Rendered layouts/_header.html.erb (Duration: 0.2ms | Allocations: 116)
  Rendered layouts/_footer.html.erb (Duration: 0.5ms | Allocations: 75)
  Rendered layout layouts/application.html.erb (Duration: 31.4ms | Allocations: 7144)
Completed 200 OK in 32ms (Views: 32.0ms | ActiveRecord: 0.0ms | Allocations: 7590)


Started GET "/" for 127.0.0.1 at 2022-04-03 15:45:18 -0400
Processing by StaticPagesController#home as HTML
  Rendering layout layouts/application.html.erb
  Rendering static_pages/home.html.erb within layouts/application
  Rendered static_pages/home.html.erb within layouts/application (Duration: 1.0ms | Allocations: 625)
[Webpacker] Everything's up-to-date. Nothing to do
  Rendered layouts/_shim.html.erb (Duration: 0.2ms | Allocations: 40)
  Rendered layouts/_header.html.erb (Duration: 1.2ms | Allocations: 102)
  Rendered layouts/_footer.html.erb (Duration: 0.3ms | Allocations: 75)
  Rendered layout layouts/application.html.erb (Duration: 37.5ms | Allocations: 7586)
Completed 200 OK in 40ms (Views: 39.7ms | ActiveRecord: 0.0ms | Allocations: 8032)


  [1m[35m (0.5ms)[0m  [1m[34mSELECT sqlite_version(*)[0m
  [1m[35m (0.1ms)[0m  [1m[34mSELECT "schema_migrations"."version" FROM "schema_migrations" ORDER BY "schema_migrations"."version" ASC[0m
  [1m[36mActiveRecord::InternalMetadata Load (0.1ms)[0m  [1m[34mSELECT "ar_internal_metadata".* FROM "ar_internal_metadata" WHERE "ar_internal_metadata"."key" = ? LIMIT ?[0m  [["key", "environment"], ["LIMIT", 1]]
  [1m[35m (0.1ms)[0m  [1m[34mSELECT sqlite_version(*)[0m
  [1m[35m (0.1ms)[0m  [1m[34mSELECT "schema_migrations"."version" FROM "schema_migrations" ORDER BY "schema_migrations"."version" ASC[0m
Started GET "/" for 127.0.0.1 at 2022-04-07 11:00:32 -0400
  [1m[35m (1.4ms)[0m  [1m[34mSELECT sqlite_version(*)[0m
  [1m[35m (0.3ms)[0m  [1m[34mSELECT "schema_migrations"."version" FROM "schema_migrations" ORDER BY "schema_migrations"."version" ASC[0m
Processing by StaticPagesController#home as HTML
  Rendering layout layouts/application.html.erb
  Rendering static_pages/home.html.erb within layouts/application
  Rendered static_pages/home.html.erb within layouts/application (Duration: 206.0ms | Allocations: 11064)
[Webpacker] Everything's up-to-date. Nothing to do
  Rendered layouts/_shim.html.erb (Duration: 0.7ms | Allocations: 120)
  Rendered layouts/_header.html.erb (Duration: 6.7ms | Allocations: 262)
  Rendered layouts/_footer.html.erb (Duration: 0.6ms | Allocations: 195)
  Rendered layout layouts/application.html.erb (Duration: 267.4ms | Allocations: 19639)
Completed 200 OK in 286ms (Views: 275.8ms | ActiveRecord: 0.0ms | Allocations: 23182)


